\BOOKMARK [1][-]{section.1}{\376\377\000I\000n\000t\000r\000o\000d\000u\000c\000t\000i\000o\000n}{}% 1
\BOOKMARK [1][-]{section.2}{\376\377\000I\000n\000s\000t\000i\000t\000u\000t\000i\000o\000n\000a\000l\000\040\000B\000a\000c\000k\000g\000r\000o\000u\000n\000d}{}% 2
\BOOKMARK [2][-]{subsection.2.1}{\376\377\000A\000B\000A\000W\000D\000\040\000w\000o\000r\000k\000\040\000r\000e\000q\000u\000i\000r\000e\000m\000e\000n\000t\000s\000\040\000a\000n\000d\000\040\000M\000i\000c\000h\000i\000g\000a\000n\000'\000s\000\040\000s\000t\000a\000g\000g\000e\000r\000e\000d\000\040\000r\000e\000i\000n\000s\000t\000a\000t\000e\000m\000e\000n\000t}{section.2}% 3
\BOOKMARK [2][-]{subsection.2.2}{\376\377\000T\000h\000e\000\040\0002\0000\0002\0006\000\040\000O\000B\000B\000B\000A\000\040\000e\000x\000p\000a\000n\000s\000i\000o\000n}{section.2}% 4
\BOOKMARK [1][-]{section.3}{\376\377\000D\000a\000t\000a}{}% 5
\BOOKMARK [2][-]{subsection.3.1}{\376\377\000A\000d\000m\000i\000n\000i\000s\000t\000r\000a\000t\000i\000v\000e\000\040\000d\000a\000t\000a\000:\000\040\000M\000i\000c\000h\000i\000g\000a\000n\000\040\000F\000A\000P\000\040\000c\000o\000u\000n\000t\000y\000-\000m\000o\000n\000t\000h\000\040\000p\000a\000n\000e\000l}{section.3}% 6
\BOOKMARK [2][-]{subsection.3.2}{\376\377\000C\000o\000u\000n\000t\000y\000\040\000c\000h\000a\000r\000a\000c\000t\000e\000r\000i\000s\000t\000i\000c\000s}{section.3}% 7
\BOOKMARK [1][-]{section.4}{\376\377\000E\000m\000p\000i\000r\000i\000c\000a\000l\000\040\000S\000t\000r\000a\000t\000e\000g\000y}{}% 8
\BOOKMARK [2][-]{subsection.4.1}{\376\377\000S\000t\000a\000g\000g\000e\000r\000e\000d\000\040\000d\000i\000f\000f\000e\000r\000e\000n\000c\000e\000-\000i\000n\000-\000d\000i\000f\000f\000e\000r\000e\000n\000c\000e\000s}{section.4}% 9
\BOOKMARK [2][-]{subsection.4.2}{\376\377\000H\000e\000t\000e\000r\000o\000g\000e\000n\000e\000i\000t\000y\000\040\000a\000n\000a\000l\000y\000s\000i\000s}{section.4}% 10
\BOOKMARK [2][-]{subsection.4.3}{\376\377\000E\000x\000-\000a\000n\000t\000e\000\040\000p\000r\000o\000j\000e\000c\000t\000i\000o\000n\000\040\000m\000e\000t\000h\000o\000d\000o\000l\000o\000g\000y}{section.4}% 11
\BOOKMARK [2][-]{subsection.4.4}{\376\377\000R\000o\000b\000u\000s\000t\000n\000e\000s\000s\000\040\000a\000n\000d\000\040\000s\000e\000n\000s\000i\000t\000i\000v\000i\000t\000y\000\040\000a\000n\000a\000l\000y\000s\000i\000s}{section.4}% 12
\BOOKMARK [1][-]{section.5}{\376\377\000R\000e\000s\000u\000l\000t\000s}{}% 13
\BOOKMARK [2][-]{subsection.5.1}{\376\377\000M\000a\000i\000n\000\040\000e\000v\000e\000n\000t\000-\000s\000t\000u\000d\000y\000\040\000e\000s\000t\000i\000m\000a\000t\000e\000s}{section.5}% 14
\BOOKMARK [2][-]{subsection.5.2}{\376\377\000D\000D\000D\000:\000\040\000a\000d\000u\000l\000t\000\040\000v\000s\000.\000\040\000c\000h\000i\000l\000d\000\040\000r\000e\000c\000i\000p\000i\000e\000n\000t\000s}{section.5}% 15
\BOOKMARK [2][-]{subsection.5.3}{\376\377\000H\000e\000t\000e\000r\000o\000g\000e\000n\000e\000i\000t\000y\000:\000\040\000w\000h\000i\000c\000h\000\040\000c\000o\000u\000n\000t\000i\000e\000s\000\040\000w\000e\000r\000e\000\040\000m\000o\000s\000t\000\040\000a\000f\000f\000e\000c\000t\000e\000d\000?}{section.5}% 16
\BOOKMARK [2][-]{subsection.5.4}{\376\377\000C\000o\000u\000n\000t\000y\000\040\000r\000i\000s\000k\000\040\000r\000a\000n\000k\000i\000n\000g\000\040\000u\000n\000d\000e\000r\000\040\0002\0000\0002\0006\000\040\000O\000B\000B\000B\000A}{section.5}% 17
\BOOKMARK [2][-]{subsection.5.5}{\376\377\000A\000u\000t\000o\000m\000a\000t\000i\000c\000\040\000s\000t\000a\000b\000i\000l\000i\000z\000e\000r\000\040\000i\000n\000t\000e\000r\000p\000r\000e\000t\000a\000t\000i\000o\000n}{section.5}% 18
\BOOKMARK [2][-]{subsection.5.6}{\376\377\000R\000o\000b\000u\000s\000t\000n\000e\000s\000s}{section.5}% 19
\BOOKMARK [1][-]{section.6}{\376\377\000D\000i\000s\000c\000u\000s\000s\000i\000o\000n\000\040\000a\000n\000d\000\040\000P\000o\000l\000i\000c\000y\000\040\000I\000m\000p\000l\000i\000c\000a\000t\000i\000o\000n\000s}{}% 20
\BOOKMARK [2][-]{subsection.6.1}{\376\377\000E\000x\000t\000e\000r\000n\000a\000l\000\040\000v\000a\000l\000i\000d\000i\000t\000y\000\040\000o\000f\000\040\000t\000h\000e\000\040\000A\000T\000T\000\040\000m\000a\000g\000n\000i\000t\000u\000d\000e}{section.6}% 21
\BOOKMARK [2][-]{subsection.6.2}{\376\377\000I\000n\000d\000i\000v\000i\000d\000u\000a\000l\000-\000l\000e\000v\000e\000l\000\040\000m\000e\000c\000h\000a\000n\000i\000s\000m\000s}{section.6}% 22
\BOOKMARK [2][-]{subsection.6.3}{\376\377\000E\000x\000t\000e\000r\000n\000a\000l\000\040\000v\000a\000l\000i\000d\000i\000t\000y\000\040\000o\000f\000\040\000t\000h\000e\000\040\0001\0008\040\023\0004\0009\000\040\000t\000o\000\040\0005\0005\040\023\0006\0004\000\040\000p\000r\000o\000j\000e\000c\000t\000i\000o\000n}{section.6}% 23
\BOOKMARK [2][-]{subsection.6.4}{\376\377\000S\000c\000e\000n\000a\000r\000i\000o\000\040\000d\000i\000f\000f\000e\000r\000e\000n\000t\000i\000a\000t\000i\000o\000n\000\040\000a\000n\000d\000\040\000p\000o\000l\000i\000c\000y\000\040\000p\000l\000a\000n\000n\000i\000n\000g}{section.6}% 24
\BOOKMARK [2][-]{subsection.6.5}{\376\377\000P\000o\000l\000i\000c\000y\000\040\000i\000m\000p\000l\000i\000c\000a\000t\000i\000o\000n\000s}{section.6}% 25
\BOOKMARK [2][-]{subsection.6.6}{\376\377\000L\000i\000m\000i\000t\000a\000t\000i\000o\000n\000s}{section.6}% 26
\BOOKMARK [1][-]{section.7}{\376\377\000C\000o\000n\000c\000l\000u\000s\000i\000o\000n}{}% 27
\BOOKMARK [1][-]{section*.34}{\376\377\000O\000n\000l\000i\000n\000e\000\040\000A\000p\000p\000e\000n\000d\000i\000x}{}% 28
\BOOKMARK [1][-]{appendix.A}{\376\377\000A\000d\000d\000i\000t\000i\000o\000n\000a\000l\000\040\000R\000o\000b\000u\000s\000t\000n\000e\000s\000s\000\040\000C\000h\000e\000c\000k\000s}{}% 29
\BOOKMARK [2][-]{subsection.A.1}{\376\377\000G\000o\000o\000d\000m\000a\000n\000-\000B\000a\000c\000o\000n\000\040\000d\000e\000c\000o\000m\000p\000o\000s\000i\000t\000i\000o\000n}{appendix.A}% 30
\BOOKMARK [2][-]{subsection.A.2}{\376\377\000L\000e\000a\000v\000e\000-\000o\000n\000e\000-\000c\000o\000h\000o\000r\000t\000-\000o\000u\000t\000\040\000a\000n\000a\000l\000y\000s\000i\000s}{appendix.A}% 31
\BOOKMARK [2][-]{subsection.A.3}{\376\377\000J\000o\000i\000n\000t\000\040\000p\000r\000e\000-\000t\000r\000e\000n\000d\000s\000\040\000t\000e\000s\000t}{appendix.A}% 32
\BOOKMARK [2][-]{subsection.A.4}{\376\377\000S\000t\000a\000c\000k\000i\000n\000g\000\040\000e\000s\000t\000i\000m\000a\000t\000o\000r}{appendix.A}% 33
\BOOKMARK [2][-]{subsection.A.5}{\376\377\000P\000e\000r\000m\000u\000t\000a\000t\000i\000o\000n\000\040\000i\000n\000f\000e\000r\000e\000n\000c\000e}{appendix.A}% 34
\BOOKMARK [2][-]{subsection.A.6}{\376\377\000T\000w\000o\000-\000w\000a\000y\000\040\000c\000l\000u\000s\000t\000e\000r\000i\000n\000g}{appendix.A}% 35
\BOOKMARK [2][-]{subsection.A.7}{\376\377\000L\000A\000S\000S\000O\000\040\000m\000o\000d\000e\000r\000a\000t\000o\000r\000\040\000s\000e\000l\000e\000c\000t\000i\000o\000n}{appendix.A}% 36
\BOOKMARK [1][-]{appendix.B}{\376\377\000S\000u\000n\040\023\000A\000b\000r\000a\000h\000a\000m\000\040\000E\000s\000t\000i\000m\000a\000t\000o\000r\000\040\000D\000i\000v\000e\000r\000g\000e\000n\000c\000e}{}% 37
\BOOKMARK [2][-]{subsection.B.1}{\376\377\000S\000o\000u\000r\000c\000e\000\040\000o\000f\000\040\000t\000h\000e\000\040\000d\000i\000v\000e\000r\000g\000e\000n\000c\000e}{appendix.B}% 38
\BOOKMARK [2][-]{subsection.B.2}{\376\377\000D\000i\000a\000g\000n\000o\000s\000t\000i\000c\000\040\000e\000v\000i\000d\000e\000n\000c\000e}{appendix.B}% 39
\BOOKMARK [2][-]{subsection.B.3}{\376\377\000C\000o\000v\000a\000r\000i\000a\000t\000e\000\040\000b\000a\000l\000a\000n\000c\000e\000\040\000a\000c\000r\000o\000s\000s\000\040\000c\000o\000h\000o\000r\000t\000s}{appendix.B}% 40
